<?xml version="1.0" encoding="UTF-8"?>
<testsuite xmlns:xsi="http://www.w3.org/2001/XMLSchema-instance" xsi:noNamespaceSchemaLocation="https://maven.apache.org/surefire/maven-surefire-plugin/xsd/surefire-test-report.xsd" name="Runners.TestRunner" time="70.714" tests="14" errors="0" skipped="0" failures="0">
  <properties>
[...]
</properties>
  <testcase name="runScenario" classname="Runners.TestRunner" time="15.385"/>
  <testcase name="runScenario" classname="Runners.TestRunner" time="2.99"/>
  <testcase name="runScenario" classname="Runners.TestRunner" time="4.159"/>
  <testcase name="runScenario" classname="Runners.TestRunner" time="0.056"/>
  <testcase name="runScenario" classname="Runners.TestRunner" time="8.156"/>
  <testcase name="runScenario" classname="Runners.TestRunner" time="6.083"/>
  <testcase name="runScenario" classname="Runners.TestRunner" time="5.14"/>
  <testcase name="runScenario" classname="Runners.TestRunner" time="0.013"/>
  <testcase name="runScenario" classname="Runners.TestRunner" time="8.661"/>
  <testcase name="runScenario" classname="Runners.TestRunner" time="0.761"/>
  <testcase name="runScenario" classname="Runners.TestRunner" time="6.114"/>
  <testcase name="runScenario" classname="Runners.TestRunner" time="7.186"/>
  <testcase name="runScenario" classname="Runners.TestRunner" time="14.533"/>
  <testcase name="runScenario" classname="Runners.TestRunner" time="17.811"/>
</testsuite>