<?xml version="1.0" encoding="UTF-8"?>
<testng-results ignored="0" total="14" passed="14" failed="0" skipped="0">
  <reporter-output>
  </reporter-output>
  <suite started-at="2023-03-31T04:07:24 PKT" name="Surefire suite" finished-at="2023-03-31T04:08:34 PKT" duration-ms="69950">
    <groups>
      <group name="cucumber">
        <method signature="AbstractTestNGCucumberTests.runScenario(io.cucumber.testng.PickleWrapper,io.cucumber.testng.FeatureWrapper)[pri:0, instance:Runners.TestRunner@351d00c0]" name="runScenario" class="io.cucumber.testng.AbstractTestNGCucumberTests"/>
      </group> <!-- cucumber -->
    </groups>
    <test started-at="2023-03-31T04:07:24 PKT" name="Surefire test" finished-at="2023-03-31T04:08:34 PKT" duration-ms="69950">
      <class name="Runners.TestRunner">
        <test-method is-config="true" signature="beforeSuite()[pri:0, instance:Runners.TestRunner@351d00c0]" started-at="2023-03-31T04:07:24 PKT" name="beforeSuite" finished-at="2023-03-31T04:07:24 PKT" duration-ms="5" status="PASS">
          <reporter-output>
          </reporter-output>
        </test-method> <!-- beforeSuite -->
        <test-method is-config="true" signature="setUpClass()[pri:0, instance:Runners.TestRunner@351d00c0]" started-at="2023-03-31T04:07:24 PKT" name="setUpClass" finished-at="2023-03-31T04:07:25 PKT" duration-ms="638" status="PASS">
          <reporter-output>
          </reporter-output>
        </test-method> <!-- setUpClass -->
        <test-method signature="runScenario(io.cucumber.testng.PickleWrapper,io.cucumber.testng.FeatureWrapper)[pri:0, instance:Runners.TestRunner@351d00c0]" started-at="2023-03-31T04:07:25 PKT" name="runScenario" description="Runs Cucumber Scenarios" data-provider="scenarios" finished-at="2023-03-31T04:07:46 PKT" duration-ms="21060" status="PASS">
          <params>
            <param index="0">
              <value>
                <![CDATA["Verify valid users can sign in"]]>
              </value>
            </param>
            <param index="1">
              <value>
                <![CDATA["Optional[Login tests]"]]>
              </value>
            </param>
          </params>
          <reporter-output>
          </reporter-output>
        </test-method> <!-- runScenario -->
        <test-method signature="runScenario(io.cucumber.testng.PickleWrapper,io.cucumber.testng.FeatureWrapper)[pri:0, instance:Runners.TestRunner@351d00c0]" started-at="2023-03-31T04:07:25 PKT" name="runScenario" description="Runs Cucumber Scenarios" data-provider="scenarios" finished-at="2023-03-31T04:07:42 PKT" duration-ms="17266" status="PASS">
          <params>
            <param index="0">
              <value>
                <![CDATA["Verify locked out user gets locked out message"]]>
              </value>
            </param>
            <param index="1">
              <value>
                <![CDATA["Optional[Login tests]"]]>
              </value>
            </param>
          </params>
          <reporter-output>
          </reporter-output>
        </test-method> <!-- runScenario -->
        <test-method signature="runScenario(io.cucumber.testng.PickleWrapper,io.cucumber.testng.FeatureWrapper)[pri:0, instance:Runners.TestRunner@351d00c0]" started-at="2023-03-31T04:07:25 PKT" name="runScenario" description="Runs Cucumber Scenarios" data-provider="scenarios" finished-at="2023-03-31T04:07:47 PKT" duration-ms="21781" status="PASS">
          <params>
            <param index="0">
              <value>
                <![CDATA["Verify valid users can sign in"]]>
              </value>
            </param>
            <param index="1">
              <value>
                <![CDATA["Optional[Login tests]"]]>
              </value>
            </param>
          </params>
          <reporter-output>
          </reporter-output>
        </test-method> <!-- runScenario -->
        <test-method signature="runScenario(io.cucumber.testng.PickleWrapper,io.cucumber.testng.FeatureWrapper)[pri:0, instance:Runners.TestRunner@351d00c0]" started-at="2023-03-31T04:07:25 PKT" name="runScenario" description="Runs Cucumber Scenarios" data-provider="scenarios" finished-at="2023-03-31T04:07:40 PKT" duration-ms="14801" status="PASS">
          <params>
            <param index="0">
              <value>
                <![CDATA["Verify invalid users cannot sign in"]]>
              </value>
            </param>
            <param index="1">
              <value>
                <![CDATA["Optional[Login tests]"]]>
              </value>
            </param>
          </params>
          <reporter-output>
          </reporter-output>
        </test-method> <!-- runScenario -->
        <test-method signature="runScenario(io.cucumber.testng.PickleWrapper,io.cucumber.testng.FeatureWrapper)[pri:0, instance:Runners.TestRunner@351d00c0]" started-at="2023-03-31T04:07:40 PKT" name="runScenario" description="Runs Cucumber Scenarios" data-provider="scenarios" finished-at="2023-03-31T04:07:56 PKT" duration-ms="16757" status="PASS">
          <params>
            <param index="0">
              <value>
                <![CDATA["Verify valid users can logout after signing in"]]>
              </value>
            </param>
            <param index="1">
              <value>
                <![CDATA["Optional[Logout tests]"]]>
              </value>
            </param>
          </params>
          <reporter-output>
          </reporter-output>
        </test-method> <!-- runScenario -->
        <test-method signature="runScenario(io.cucumber.testng.PickleWrapper,io.cucumber.testng.FeatureWrapper)[pri:0, instance:Runners.TestRunner@351d00c0]" started-at="2023-03-31T04:07:42 PKT" name="runScenario" description="Runs Cucumber Scenarios" data-provider="scenarios" finished-at="2023-03-31T04:08:00 PKT" duration-ms="18370" status="PASS">
          <params>
            <param index="0">
              <value>
                <![CDATA["Verify valid users can logout after signing in"]]>
              </value>
            </param>
            <param index="1">
              <value>
                <![CDATA["Optional[Logout tests]"]]>
              </value>
            </param>
          </params>
          <reporter-output>
          </reporter-output>
        </test-method> <!-- runScenario -->
        <test-method signature="runScenario(io.cucumber.testng.PickleWrapper,io.cucumber.testng.FeatureWrapper)[pri:0, instance:Runners.TestRunner@351d00c0]" started-at="2023-03-31T04:07:46 PKT" name="runScenario" description="Runs Cucumber Scenarios" data-provider="scenarios" finished-at="2023-03-31T04:08:04 PKT" duration-ms="18446" status="PASS">
          <params>
            <param index="0">
              <value>
                <![CDATA["Verify valid users can Filter products"]]>
              </value>
            </param>
            <param index="1">
              <value>
                <![CDATA["Optional[Filter, Cart & Checkout tests]"]]>
              </value>
            </param>
          </params>
          <reporter-output>
          </reporter-output>
        </test-method> <!-- runScenario -->
        <test-method signature="runScenario(io.cucumber.testng.PickleWrapper,io.cucumber.testng.FeatureWrapper)[pri:0, instance:Runners.TestRunner@351d00c0]" started-at="2023-03-31T04:07:47 PKT" name="runScenario" description="Runs Cucumber Scenarios" data-provider="scenarios" finished-at="2023-03-31T04:08:05 PKT" duration-ms="18144" status="PASS">
          <params>
            <param index="0">
              <value>
                <![CDATA["Verify valid users can Filter products"]]>
              </value>
            </param>
            <param index="1">
              <value>
                <![CDATA["Optional[Filter, Cart & Checkout tests]"]]>
              </value>
            </param>
          </params>
          <reporter-output>
          </reporter-output>
        </test-method> <!-- runScenario -->
        <test-method signature="runScenario(io.cucumber.testng.PickleWrapper,io.cucumber.testng.FeatureWrapper)[pri:0, instance:Runners.TestRunner@351d00c0]" started-at="2023-03-31T04:07:56 PKT" name="runScenario" description="Runs Cucumber Scenarios" data-provider="scenarios" finished-at="2023-03-31T04:08:17 PKT" duration-ms="20310" status="PASS">
          <params>
            <param index="0">
              <value>
                <![CDATA["Verify valid users can Filter products"]]>
              </value>
            </param>
            <param index="1">
              <value>
                <![CDATA["Optional[Filter, Cart & Checkout tests]"]]>
              </value>
            </param>
          </params>
          <reporter-output>
          </reporter-output>
        </test-method> <!-- runScenario -->
        <test-method signature="runScenario(io.cucumber.testng.PickleWrapper,io.cucumber.testng.FeatureWrapper)[pri:0, instance:Runners.TestRunner@351d00c0]" started-at="2023-03-31T04:08:00 PKT" name="runScenario" description="Runs Cucumber Scenarios" data-provider="scenarios" finished-at="2023-03-31T04:08:17 PKT" duration-ms="16911" status="PASS">
          <params>
            <param index="0">
              <value>
                <![CDATA["Verify valid users can Filter products"]]>
              </value>
            </param>
            <param index="1">
              <value>
                <![CDATA["Optional[Filter, Cart & Checkout tests]"]]>
              </value>
            </param>
          </params>
          <reporter-output>
          </reporter-output>
        </test-method> <!-- runScenario -->
        <test-method signature="runScenario(io.cucumber.testng.PickleWrapper,io.cucumber.testng.FeatureWrapper)[pri:0, instance:Runners.TestRunner@351d00c0]" started-at="2023-03-31T04:08:04 PKT" name="runScenario" description="Runs Cucumber Scenarios" data-provider="scenarios" finished-at="2023-03-31T04:08:20 PKT" duration-ms="15461" status="PASS">
          <params>
            <param index="0">
              <value>
                <![CDATA["Place a single item in the shopping cart"]]>
              </value>
            </param>
            <param index="1">
              <value>
                <![CDATA["Optional[Filter, Cart & Checkout tests]"]]>
              </value>
            </param>
          </params>
          <reporter-output>
          </reporter-output>
        </test-method> <!-- runScenario -->
        <test-method signature="runScenario(io.cucumber.testng.PickleWrapper,io.cucumber.testng.FeatureWrapper)[pri:0, instance:Runners.TestRunner@351d00c0]" started-at="2023-03-31T04:08:05 PKT" name="runScenario" description="Runs Cucumber Scenarios" data-provider="scenarios" finished-at="2023-03-31T04:08:21 PKT" duration-ms="15808" status="PASS">
          <params>
            <param index="0">
              <value>
                <![CDATA["Place multiple items in the shopping cart"]]>
              </value>
            </param>
            <param index="1">
              <value>
                <![CDATA["Optional[Filter, Cart & Checkout tests]"]]>
              </value>
            </param>
          </params>
          <reporter-output>
          </reporter-output>
        </test-method> <!-- runScenario -->
        <test-method signature="runScenario(io.cucumber.testng.PickleWrapper,io.cucumber.testng.FeatureWrapper)[pri:0, instance:Runners.TestRunner@351d00c0]" started-at="2023-03-31T04:08:17 PKT" name="runScenario" description="Runs Cucumber Scenarios" data-provider="scenarios" finished-at="2023-03-31T04:08:30 PKT" duration-ms="13481" status="PASS">
          <params>
            <param index="0">
              <value>
                <![CDATA["Remove items in the shopping cart"]]>
              </value>
            </param>
            <param index="1">
              <value>
                <![CDATA["Optional[Filter, Cart & Checkout tests]"]]>
              </value>
            </param>
          </params>
          <reporter-output>
          </reporter-output>
        </test-method> <!-- runScenario -->
        <test-method signature="runScenario(io.cucumber.testng.PickleWrapper,io.cucumber.testng.FeatureWrapper)[pri:0, instance:Runners.TestRunner@351d00c0]" started-at="2023-03-31T04:08:17 PKT" name="runScenario" description="Runs Cucumber Scenarios" data-provider="scenarios" finished-at="2023-03-31T04:08:34 PKT" duration-ms="16474" status="PASS">
          <params>
            <param index="0">
              <value>
                <![CDATA["Validate Order Totals and checkout"]]>
              </value>
            </param>
            <param index="1">
              <value>
                <![CDATA["Optional[Filter, Cart & Checkout tests]"]]>
              </value>
            </param>
          </params>
          <reporter-output>
          </reporter-output>
        </test-method> <!-- runScenario -->
        <test-method is-config="true" signature="tearDownClass()[pri:0, instance:Runners.TestRunner@351d00c0]" started-at="2023-03-31T04:08:34 PKT" name="tearDownClass" finished-at="2023-03-31T04:08:34 PKT" duration-ms="215" status="PASS">
          <reporter-output>
          </reporter-output>
        </test-method> <!-- tearDownClass -->
        <test-method is-config="true" signature="afterSuite()[pri:0, instance:Runners.TestRunner@351d00c0]" started-at="2023-03-31T04:08:34 PKT" name="afterSuite" finished-at="2023-03-31T04:08:34 PKT" duration-ms="3" status="PASS">
          <reporter-output>
          </reporter-output>
        </test-method> <!-- afterSuite -->
      </class> <!-- Runners.TestRunner -->
    </test> <!-- Surefire test -->
  </suite> <!-- Surefire suite -->
</testng-results>
