<?xml version="1.0" encoding="UTF-8"?>
<testng-results ignored="0" total="14" passed="14" failed="0" skipped="0">
  <reporter-output>
  </reporter-output>
  <suite started-at="2023-03-31T04:02:03 PKT" name="Surefire suite" finished-at="2023-03-31T04:03:13 PKT" duration-ms="70096">
    <groups>
      <group name="cucumber">
        <method signature="AbstractTestNGCucumberTests.runScenario(io.cucumber.testng.PickleWrapper,io.cucumber.testng.FeatureWrapper)[pri:0, instance:Runners.TestRunner@351d00c0]" name="runScenario" class="io.cucumber.testng.AbstractTestNGCucumberTests"/>
      </group> <!-- cucumber -->
    </groups>
    <test started-at="2023-03-31T04:02:03 PKT" name="Surefire test" finished-at="2023-03-31T04:03:13 PKT" duration-ms="70096">
      <class name="Runners.TestRunner">
        <test-method is-config="true" signature="beforeSuite()[pri:0, instance:Runners.TestRunner@351d00c0]" started-at="2023-03-31T04:02:03 PKT" name="beforeSuite" finished-at="2023-03-31T04:02:03 PKT" duration-ms="5" status="PASS">
          <reporter-output>
          </reporter-output>
        </test-method> <!-- beforeSuite -->
        <test-method is-config="true" signature="setUpClass()[pri:0, instance:Runners.TestRunner@351d00c0]" started-at="2023-03-31T04:02:03 PKT" name="setUpClass" finished-at="2023-03-31T04:02:04 PKT" duration-ms="610" status="PASS">
          <reporter-output>
          </reporter-output>
        </test-method> <!-- setUpClass -->
        <test-method signature="runScenario(io.cucumber.testng.PickleWrapper,io.cucumber.testng.FeatureWrapper)[pri:0, instance:Runners.TestRunner@351d00c0]" started-at="2023-03-31T04:02:04 PKT" name="runScenario" description="Runs Cucumber Scenarios" data-provider="scenarios" finished-at="2023-03-31T04:02:22 PKT" duration-ms="18391" status="PASS">
          <params>
            <param index="0">
              <value>
                <![CDATA["Verify locked out user gets locked out message"]]>
              </value>
            </param>
            <param index="1">
              <value>
                <![CDATA["Optional[Login tests]"]]>
              </value>
            </param>
          </params>
          <reporter-output>
          </reporter-output>
        </test-method> <!-- runScenario -->
        <test-method signature="runScenario(io.cucumber.testng.PickleWrapper,io.cucumber.testng.FeatureWrapper)[pri:0, instance:Runners.TestRunner@351d00c0]" started-at="2023-03-31T04:02:04 PKT" name="runScenario" description="Runs Cucumber Scenarios" data-provider="scenarios" finished-at="2023-03-31T04:02:19 PKT" duration-ms="15378" status="PASS">
          <params>
            <param index="0">
              <value>
                <![CDATA["Verify invalid users cannot sign in"]]>
              </value>
            </param>
            <param index="1">
              <value>
                <![CDATA["Optional[Login tests]"]]>
              </value>
            </param>
          </params>
          <reporter-output>
          </reporter-output>
        </test-method> <!-- runScenario -->
        <test-method signature="runScenario(io.cucumber.testng.PickleWrapper,io.cucumber.testng.FeatureWrapper)[pri:0, instance:Runners.TestRunner@351d00c0]" started-at="2023-03-31T04:02:04 PKT" name="runScenario" description="Runs Cucumber Scenarios" data-provider="scenarios" finished-at="2023-03-31T04:02:26 PKT" duration-ms="22552" status="PASS">
          <params>
            <param index="0">
              <value>
                <![CDATA["Verify valid users can sign in"]]>
              </value>
            </param>
            <param index="1">
              <value>
                <![CDATA["Optional[Login tests]"]]>
              </value>
            </param>
          </params>
          <reporter-output>
          </reporter-output>
        </test-method> <!-- runScenario -->
        <test-method signature="runScenario(io.cucumber.testng.PickleWrapper,io.cucumber.testng.FeatureWrapper)[pri:0, instance:Runners.TestRunner@351d00c0]" started-at="2023-03-31T04:02:04 PKT" name="runScenario" description="Runs Cucumber Scenarios" data-provider="scenarios" finished-at="2023-03-31T04:02:27 PKT" duration-ms="22605" status="PASS">
          <params>
            <param index="0">
              <value>
                <![CDATA["Verify valid users can sign in"]]>
              </value>
            </param>
            <param index="1">
              <value>
                <![CDATA["Optional[Login tests]"]]>
              </value>
            </param>
          </params>
          <reporter-output>
          </reporter-output>
        </test-method> <!-- runScenario -->
        <test-method signature="runScenario(io.cucumber.testng.PickleWrapper,io.cucumber.testng.FeatureWrapper)[pri:0, instance:Runners.TestRunner@351d00c0]" started-at="2023-03-31T04:02:19 PKT" name="runScenario" description="Runs Cucumber Scenarios" data-provider="scenarios" finished-at="2023-03-31T04:02:35 PKT" duration-ms="15380" status="PASS">
          <params>
            <param index="0">
              <value>
                <![CDATA["Verify valid users can logout after signing in"]]>
              </value>
            </param>
            <param index="1">
              <value>
                <![CDATA["Optional[Logout tests]"]]>
              </value>
            </param>
          </params>
          <reporter-output>
          </reporter-output>
        </test-method> <!-- runScenario -->
        <test-method signature="runScenario(io.cucumber.testng.PickleWrapper,io.cucumber.testng.FeatureWrapper)[pri:0, instance:Runners.TestRunner@351d00c0]" started-at="2023-03-31T04:02:22 PKT" name="runScenario" description="Runs Cucumber Scenarios" data-provider="scenarios" finished-at="2023-03-31T04:02:41 PKT" duration-ms="18459" status="PASS">
          <params>
            <param index="0">
              <value>
                <![CDATA["Verify valid users can logout after signing in"]]>
              </value>
            </param>
            <param index="1">
              <value>
                <![CDATA["Optional[Logout tests]"]]>
              </value>
            </param>
          </params>
          <reporter-output>
          </reporter-output>
        </test-method> <!-- runScenario -->
        <test-method signature="runScenario(io.cucumber.testng.PickleWrapper,io.cucumber.testng.FeatureWrapper)[pri:0, instance:Runners.TestRunner@351d00c0]" started-at="2023-03-31T04:02:26 PKT" name="runScenario" description="Runs Cucumber Scenarios" data-provider="scenarios" finished-at="2023-03-31T04:02:46 PKT" duration-ms="19438" status="PASS">
          <params>
            <param index="0">
              <value>
                <![CDATA["Verify valid users can Filter products"]]>
              </value>
            </param>
            <param index="1">
              <value>
                <![CDATA["Optional[Filter, Cart & Checkout tests]"]]>
              </value>
            </param>
          </params>
          <reporter-output>
          </reporter-output>
        </test-method> <!-- runScenario -->
        <test-method signature="runScenario(io.cucumber.testng.PickleWrapper,io.cucumber.testng.FeatureWrapper)[pri:0, instance:Runners.TestRunner@351d00c0]" started-at="2023-03-31T04:02:27 PKT" name="runScenario" description="Runs Cucumber Scenarios" data-provider="scenarios" finished-at="2023-03-31T04:02:46 PKT" duration-ms="19395" status="PASS">
          <params>
            <param index="0">
              <value>
                <![CDATA["Verify valid users can Filter products"]]>
              </value>
            </param>
            <param index="1">
              <value>
                <![CDATA["Optional[Filter, Cart & Checkout tests]"]]>
              </value>
            </param>
          </params>
          <reporter-output>
          </reporter-output>
        </test-method> <!-- runScenario -->
        <test-method signature="runScenario(io.cucumber.testng.PickleWrapper,io.cucumber.testng.FeatureWrapper)[pri:0, instance:Runners.TestRunner@351d00c0]" started-at="2023-03-31T04:02:35 PKT" name="runScenario" description="Runs Cucumber Scenarios" data-provider="scenarios" finished-at="2023-03-31T04:02:55 PKT" duration-ms="19899" status="PASS">
          <params>
            <param index="0">
              <value>
                <![CDATA["Verify valid users can Filter products"]]>
              </value>
            </param>
            <param index="1">
              <value>
                <![CDATA["Optional[Filter, Cart & Checkout tests]"]]>
              </value>
            </param>
          </params>
          <reporter-output>
          </reporter-output>
        </test-method> <!-- runScenario -->
        <test-method signature="runScenario(io.cucumber.testng.PickleWrapper,io.cucumber.testng.FeatureWrapper)[pri:0, instance:Runners.TestRunner@351d00c0]" started-at="2023-03-31T04:02:41 PKT" name="runScenario" description="Runs Cucumber Scenarios" data-provider="scenarios" finished-at="2023-03-31T04:02:55 PKT" duration-ms="14577" status="PASS">
          <params>
            <param index="0">
              <value>
                <![CDATA["Verify valid users can Filter products"]]>
              </value>
            </param>
            <param index="1">
              <value>
                <![CDATA["Optional[Filter, Cart & Checkout tests]"]]>
              </value>
            </param>
          </params>
          <reporter-output>
          </reporter-output>
        </test-method> <!-- runScenario -->
        <test-method signature="runScenario(io.cucumber.testng.PickleWrapper,io.cucumber.testng.FeatureWrapper)[pri:0, instance:Runners.TestRunner@351d00c0]" started-at="2023-03-31T04:02:46 PKT" name="runScenario" description="Runs Cucumber Scenarios" data-provider="scenarios" finished-at="2023-03-31T04:03:01 PKT" duration-ms="15551" status="PASS">
          <params>
            <param index="0">
              <value>
                <![CDATA["Place a single item in the shopping cart"]]>
              </value>
            </param>
            <param index="1">
              <value>
                <![CDATA["Optional[Filter, Cart & Checkout tests]"]]>
              </value>
            </param>
          </params>
          <reporter-output>
          </reporter-output>
        </test-method> <!-- runScenario -->
        <test-method signature="runScenario(io.cucumber.testng.PickleWrapper,io.cucumber.testng.FeatureWrapper)[pri:0, instance:Runners.TestRunner@351d00c0]" started-at="2023-03-31T04:02:46 PKT" name="runScenario" description="Runs Cucumber Scenarios" data-provider="scenarios" finished-at="2023-03-31T04:03:03 PKT" duration-ms="16610" status="PASS">
          <params>
            <param index="0">
              <value>
                <![CDATA["Place multiple items in the shopping cart"]]>
              </value>
            </param>
            <param index="1">
              <value>
                <![CDATA["Optional[Filter, Cart & Checkout tests]"]]>
              </value>
            </param>
          </params>
          <reporter-output>
          </reporter-output>
        </test-method> <!-- runScenario -->
        <test-method signature="runScenario(io.cucumber.testng.PickleWrapper,io.cucumber.testng.FeatureWrapper)[pri:0, instance:Runners.TestRunner@351d00c0]" started-at="2023-03-31T04:02:55 PKT" name="runScenario" description="Runs Cucumber Scenarios" data-provider="scenarios" finished-at="2023-03-31T04:03:10 PKT" duration-ms="15296" status="PASS">
          <params>
            <param index="0">
              <value>
                <![CDATA["Remove items in the shopping cart"]]>
              </value>
            </param>
            <param index="1">
              <value>
                <![CDATA["Optional[Filter, Cart & Checkout tests]"]]>
              </value>
            </param>
          </params>
          <reporter-output>
          </reporter-output>
        </test-method> <!-- runScenario -->
        <test-method signature="runScenario(io.cucumber.testng.PickleWrapper,io.cucumber.testng.FeatureWrapper)[pri:0, instance:Runners.TestRunner@351d00c0]" started-at="2023-03-31T04:02:55 PKT" name="runScenario" description="Runs Cucumber Scenarios" data-provider="scenarios" finished-at="2023-03-31T04:03:13 PKT" duration-ms="17812" status="PASS">
          <params>
            <param index="0">
              <value>
                <![CDATA["Validate Order Totals and checkout"]]>
              </value>
            </param>
            <param index="1">
              <value>
                <![CDATA["Optional[Filter, Cart & Checkout tests]"]]>
              </value>
            </param>
          </params>
          <reporter-output>
          </reporter-output>
        </test-method> <!-- runScenario -->
        <test-method is-config="true" signature="tearDownClass()[pri:0, instance:Runners.TestRunner@351d00c0]" started-at="2023-03-31T04:03:13 PKT" name="tearDownClass" finished-at="2023-03-31T04:03:13 PKT" duration-ms="180" status="PASS">
          <reporter-output>
          </reporter-output>
        </test-method> <!-- tearDownClass -->
        <test-method is-config="true" signature="afterSuite()[pri:0, instance:Runners.TestRunner@351d00c0]" started-at="2023-03-31T04:03:14 PKT" name="afterSuite" finished-at="2023-03-31T04:03:14 PKT" duration-ms="0" status="PASS">
          <reporter-output>
          </reporter-output>
        </test-method> <!-- afterSuite -->
      </class> <!-- Runners.TestRunner -->
    </test> <!-- Surefire test -->
  </suite> <!-- Surefire suite -->
</testng-results>
